D:\DOCUMENTS\VISUAL STUDIO 2012\PROJECTS\CREATEDLLDEMO\LOADLIBRARY\DEBUG\LOADLIBRARY.PCH
D:\DOCUMENTS\VISUAL STUDIO 2012\PROJECTS\CREATEDLLDEMO\LOADLIBRARY\DEBUG\STDAFX.OBJ
D:\DOCUMENTS\VISUAL STUDIO 2012\PROJECTS\CREATEDLLDEMO\LOADLIBRARY\DEBUG\VC110.PDB
D:\DOCUMENTS\VISUAL STUDIO 2012\PROJECTS\CREATEDLLDEMO\LOADLIBRARY\DEBUG\LOADLIBRARY.OBJ
D:\DOCUMENTS\VISUAL STUDIO 2012\PROJECTS\CREATEDLLDEMO\DEBUG\LOADLIBRARY.ILK
D:\DOCUMENTS\VISUAL STUDIO 2012\PROJECTS\CREATEDLLDEMO\DEBUG\LOADLIBRARY.EXE
D:\DOCUMENTS\VISUAL STUDIO 2012\PROJECTS\CREATEDLLDEMO\DEBUG\LOADLIBRARY.PDB
d:\documents\visual studio 2012\Projects\CreateDllDemo\LoadLibrary\Debug\LoadLibrary.obj
d:\documents\visual studio 2012\Projects\CreateDllDemo\LoadLibrary\Debug\stdafx.obj
d:\documents\visual studio 2012\Projects\CreateDllDemo\LoadLibrary\Debug\cl.command.1.tlog
d:\documents\visual studio 2012\Projects\CreateDllDemo\LoadLibrary\Debug\CL.read.1.tlog
d:\documents\visual studio 2012\Projects\CreateDllDemo\LoadLibrary\Debug\CL.write.1.tlog
d:\documents\visual studio 2012\Projects\CreateDllDemo\LoadLibrary\Debug\link-cvtres.read.1.tlog
d:\documents\visual studio 2012\Projects\CreateDllDemo\LoadLibrary\Debug\link-cvtres.write.1.tlog
d:\documents\visual studio 2012\Projects\CreateDllDemo\LoadLibrary\Debug\link-rc.read.1.tlog
d:\documents\visual studio 2012\Projects\CreateDllDemo\LoadLibrary\Debug\link-rc.write.1.tlog
d:\documents\visual studio 2012\Projects\CreateDllDemo\LoadLibrary\Debug\link.command.1.tlog
d:\documents\visual studio 2012\Projects\CreateDllDemo\LoadLibrary\Debug\link.read.1.tlog
d:\documents\visual studio 2012\Projects\CreateDllDemo\LoadLibrary\Debug\link.write.1.tlog
d:\documents\visual studio 2012\Projects\CreateDllDemo\LoadLibrary\Debug\LoadLibrary.pch
d:\documents\visual studio 2012\Projects\CreateDllDemo\LoadLibrary\Debug\vc110.idb
d:\documents\visual studio 2012\Projects\CreateDllDemo\LoadLibrary\Debug\vc110.pdb
d:\documents\visual studio 2012\Projects\CreateDllDemo\Debug\LoadLibrary.pdb
d:\documents\visual studio 2012\Projects\CreateDllDemo\Debug\LoadLibrary.exe
d:\documents\visual studio 2012\Projects\CreateDllDemo\Debug\LoadLibrary.ilk
