D:\DOCUMENTS\VISUAL STUDIO 2012\PROJECTS\CREATEDLLDEMO\CREATEDLLDEMO2\DEBUG\CREATEDLLDEMO2.PCH
D:\DOCUMENTS\VISUAL STUDIO 2012\PROJECTS\CREATEDLLDEMO\CREATEDLLDEMO2\DEBUG\STDAFX.OBJ
D:\DOCUMENTS\VISUAL STUDIO 2012\PROJECTS\CREATEDLLDEMO\CREATEDLLDEMO2\DEBUG\VC110.PDB
D:\DOCUMENTS\VISUAL STUDIO 2012\PROJECTS\CREATEDLLDEMO\CREATEDLLDEMO2\DEBUG\CREATEDLLDEMO2.OBJ
D:\DOCUMENTS\VISUAL STUDIO 2012\PROJECTS\CREATEDLLDEMO\CREATEDLLDEMO2\DEBUG\DLLMAIN.OBJ
d:\documents\visual studio 2012\Projects\CreateDllDemo\Debug\CreateDllDemo2.lib
d:\documents\visual studio 2012\Projects\CreateDllDemo\Debug\CreateDllDemo2.exp
D:\DOCUMENTS\VISUAL STUDIO 2012\PROJECTS\CREATEDLLDEMO\DEBUG\CREATEDLLDEMO2.ILK
D:\DOCUMENTS\VISUAL STUDIO 2012\PROJECTS\CREATEDLLDEMO\DEBUG\CREATEDLLDEMO2.DLL
D:\DOCUMENTS\VISUAL STUDIO 2012\PROJECTS\CREATEDLLDEMO\DEBUG\CREATEDLLDEMO2.PDB
d:\documents\visual studio 2012\Projects\CreateDllDemo\CreateDllDemo2\Debug\CreateDllDemo2.obj
d:\documents\visual studio 2012\Projects\CreateDllDemo\CreateDllDemo2\Debug\dllmain.obj
d:\documents\visual studio 2012\Projects\CreateDllDemo\CreateDllDemo2\Debug\stdafx.obj
d:\documents\visual studio 2012\Projects\CreateDllDemo\CreateDllDemo2\Debug\cl.command.1.tlog
d:\documents\visual studio 2012\Projects\CreateDllDemo\CreateDllDemo2\Debug\CL.read.1.tlog
d:\documents\visual studio 2012\Projects\CreateDllDemo\CreateDllDemo2\Debug\CL.write.1.tlog
d:\documents\visual studio 2012\Projects\CreateDllDemo\CreateDllDemo2\Debug\CreateDllDemo2.write.1.tlog
d:\documents\visual studio 2012\Projects\CreateDllDemo\CreateDllDemo2\Debug\link-cvtres.read.1.tlog
d:\documents\visual studio 2012\Projects\CreateDllDemo\CreateDllDemo2\Debug\link-cvtres.write.1.tlog
d:\documents\visual studio 2012\Projects\CreateDllDemo\CreateDllDemo2\Debug\link-rc.read.1.tlog
d:\documents\visual studio 2012\Projects\CreateDllDemo\CreateDllDemo2\Debug\link-rc.write.1.tlog
d:\documents\visual studio 2012\Projects\CreateDllDemo\CreateDllDemo2\Debug\link.command.1.tlog
d:\documents\visual studio 2012\Projects\CreateDllDemo\CreateDllDemo2\Debug\link.read.1.tlog
d:\documents\visual studio 2012\Projects\CreateDllDemo\CreateDllDemo2\Debug\link.write.1.tlog
d:\documents\visual studio 2012\Projects\CreateDllDemo\CreateDllDemo2\Debug\CreateDllDemo2.pch
d:\documents\visual studio 2012\Projects\CreateDllDemo\CreateDllDemo2\Debug\vc110.idb
d:\documents\visual studio 2012\Projects\CreateDllDemo\CreateDllDemo2\Debug\vc110.pdb
d:\documents\visual studio 2012\Projects\CreateDllDemo\Debug\CreateDllDemo2.pdb
d:\documents\visual studio 2012\Projects\CreateDllDemo\Debug\CreateDllDemo2.dll
d:\documents\visual studio 2012\Projects\CreateDllDemo\Debug\CreateDllDemo2.ilk
