D:\DOCUMENTS\VISUAL STUDIO 2012\PROJECTS\CREATEDLLDEMO\CREATEDLLDEMO\DEBUG\CREATEDLLDEMO.PCH
D:\DOCUMENTS\VISUAL STUDIO 2012\PROJECTS\CREATEDLLDEMO\CREATEDLLDEMO\DEBUG\STDAFX.OBJ
D:\DOCUMENTS\VISUAL STUDIO 2012\PROJECTS\CREATEDLLDEMO\CREATEDLLDEMO\DEBUG\VC110.PDB
D:\DOCUMENTS\VISUAL STUDIO 2012\PROJECTS\CREATEDLLDEMO\CREATEDLLDEMO\DEBUG\CREATEDLLDEMO.OBJ
D:\DOCUMENTS\VISUAL STUDIO 2012\PROJECTS\CREATEDLLDEMO\CREATEDLLDEMO\DEBUG\DLLMAIN.OBJ
D:\DOCUMENTS\VISUAL STUDIO 2012\PROJECTS\CREATEDLLDEMO\DEBUG\CREATEDLLDEMO.ILK
D:\DOCUMENTS\VISUAL STUDIO 2012\PROJECTS\CREATEDLLDEMO\DEBUG\CREATEDLLDEMO.DLL
D:\DOCUMENTS\VISUAL STUDIO 2012\PROJECTS\CREATEDLLDEMO\DEBUG\CREATEDLLDEMO.PDB
d:\documents\visual studio 2012\Projects\CreateDllDemo\CreateDllDemo\Debug\CreateDllDemo.obj
d:\documents\visual studio 2012\Projects\CreateDllDemo\CreateDllDemo\Debug\dllmain.obj
d:\documents\visual studio 2012\Projects\CreateDllDemo\CreateDllDemo\Debug\stdafx.obj
d:\documents\visual studio 2012\Projects\CreateDllDemo\CreateDllDemo\Debug\cl.command.1.tlog
d:\documents\visual studio 2012\Projects\CreateDllDemo\CreateDllDemo\Debug\CL.read.1.tlog
d:\documents\visual studio 2012\Projects\CreateDllDemo\CreateDllDemo\Debug\CL.write.1.tlog
d:\documents\visual studio 2012\Projects\CreateDllDemo\CreateDllDemo\Debug\link-cvtres.read.1.tlog
d:\documents\visual studio 2012\Projects\CreateDllDemo\CreateDllDemo\Debug\link-cvtres.write.1.tlog
d:\documents\visual studio 2012\Projects\CreateDllDemo\CreateDllDemo\Debug\link-rc.read.1.tlog
d:\documents\visual studio 2012\Projects\CreateDllDemo\CreateDllDemo\Debug\link-rc.write.1.tlog
d:\documents\visual studio 2012\Projects\CreateDllDemo\CreateDllDemo\Debug\link.command.1.tlog
d:\documents\visual studio 2012\Projects\CreateDllDemo\CreateDllDemo\Debug\link.read.1.tlog
d:\documents\visual studio 2012\Projects\CreateDllDemo\CreateDllDemo\Debug\link.write.1.tlog
d:\documents\visual studio 2012\Projects\CreateDllDemo\CreateDllDemo\Debug\CreateDllDemo.pch
d:\documents\visual studio 2012\Projects\CreateDllDemo\CreateDllDemo\Debug\vc110.idb
d:\documents\visual studio 2012\Projects\CreateDllDemo\CreateDllDemo\Debug\vc110.pdb
d:\documents\visual studio 2012\Projects\CreateDllDemo\Debug\CreateDllDemo.pdb
d:\documents\visual studio 2012\Projects\CreateDllDemo\Debug\CreateDllDemo.dll
d:\documents\visual studio 2012\Projects\CreateDllDemo\Debug\CreateDllDemo.ilk
